[    0.000000] Linux version 4.15.0-200-generic (buildd@lcy02-amd64-069) (gcc version 7.5.0 (Ubuntu 7.5.0-3ubuntu1~18.04)) #211-Ubuntu SMP Thu Nov 24 18:16:04 UTC 2022 (Ubuntu 4.15.0-200.211-generic 4.15.18)
[    0.000000] Command line: BOOT_IMAGE=/boot/vmlinuz-4.15.0-200-generic root=LABEL=cloudimg-rootfs ro console=tty1 console=ttyS0
[    0.000000] KERNEL supported cpus:
[    0.000000]   Intel GenuineIntel
[    0.000000]   AMD AuthenticAMD
[    0.000000]   Centaur CentaurHauls
[    0.000000] x86/fpu: Supporting XSAVE feature 0x001: 'x87 floating point registers'
[    0.000000] x86/fpu: Supporting XSAVE feature 0x002: 'SSE registers'
[    0.000000] x86/fpu: Supporting XSAVE feature 0x004: 'AVX registers'
[    0.000000] x86/fpu: xstate_offset[2]:  576, xstate_sizes[2]:  256
[    0.000000] x86/fpu: Enabled xstate features 0x7, context size is 832 bytes, using 'standard' format.
[    0.000000] e820: BIOS-provided physical RAM map:
[    0.000000] BIOS-e820: [mem 0x0000000000000000-0x000000000009fbff] usable
[    0.000000] BIOS-e820: [mem 0x000000000009fc00-0x000000000009ffff] reserved
[    0.000000] BIOS-e820: [mem 0x00000000000f0000-0x00000000000fffff] reserved
[    0.000000] BIOS-e820: [mem 0x0000000000100000-0x000000003ffeffff] usable
[    0.000000] BIOS-e820: [mem 0x000000003fff0000-0x000000003fffffff] ACPI data
[    0.000000] BIOS-e820: [mem 0x00000000fec00000-0x00000000fec00fff] reserved
[    0.000000] BIOS-e820: [mem 0x00000000fee00000-0x00000000fee00fff] reserved
[    0.000000] BIOS-e820: [mem 0x00000000fffc0000-0x00000000ffffffff] reserved
[    0.000000] NX (Execute Disable) protection: active
[    0.000000] SMBIOS 2.5 present.
[    0.000000] DMI: innotek GmbH VirtualBox/VirtualBox, BIOS VirtualBox 12/01/2006
[    0.000000] Hypervisor detected: KVM
[    0.000000] e820: last_pfn = 0x3fff0 max_arch_pfn = 0x400000000
[    0.000000] MTRR: Disabled
[    0.000000] x86/PAT: MTRRs disabled, skipping PAT initialization too.
[    0.000000] CPU MTRRs all blank - virtualized system.
[    0.000000] x86/PAT: Configuration [0-7]: WB  WT  UC- UC  WB  WT  UC- UC  
[    0.000000] found SMP MP-table at [mem 0x0009fff0-0x0009ffff]
[    0.000000] Scanning 1 areas for low memory corruption
[    0.000000] RAMDISK: [mem 0x359c9000-0x36cdbfff]
[    0.000000] ACPI: Early table checksum verification disabled
[    0.000000] ACPI: RSDP 0x00000000000E0000 000024 (v02 VBOX  )
[    0.000000] ACPI: XSDT 0x000000003FFF0030 00003C (v01 VBOX   VBOXXSDT 00000001 ASL  00000061)
[    0.000000] ACPI: FACP 0x000000003FFF00F0 0000F4 (v04 VBOX   VBOXFACP 00000001 ASL  00000061)
[    0.000000] ACPI: DSDT 0x000000003FFF0610 002353 (v02 VBOX   VBOXBIOS 00000002 INTL 20100528)
[    0.000000] ACPI: FACS 0x000000003FFF0200 000040
[    0.000000] ACPI: FACS 0x000000003FFF0200 000040
[    0.000000] ACPI: APIC 0x000000003FFF0240 00005C (v02 VBOX   VBOXAPIC 00000001 ASL  00000061)
[    0.000000] ACPI: SSDT 0x000000003FFF02A0 00036C (v01 VBOX   VBOXCPUT 00000002 INTL 20100528)
[    0.000000] ACPI: Reserving FACP table memory at [mem 0x3fff00f0-0x3fff01e3]
[    0.000000] ACPI: Reserving DSDT table memory at [mem 0x3fff0610-0x3fff2962]
[    0.000000] ACPI: Reserving FACS table memory at [mem 0x3fff0200-0x3fff023f]
[    0.000000] ACPI: Reserving FACS table memory at [mem 0x3fff0200-0x3fff023f]
[    0.000000] ACPI: Reserving APIC table memory at [mem 0x3fff0240-0x3fff029b]
[    0.000000] ACPI: Reserving SSDT table memory at [mem 0x3fff02a0-0x3fff060b]
[    0.000000] No NUMA configuration found
[    0.000000] Faking a node at [mem 0x0000000000000000-0x000000003ffeffff]
[    0.000000] NODE_DATA(0) allocated [mem 0x3ffc5000-0x3ffeffff]
[    0.000000] kvm-clock: cpu 0, msr 0:3ff44001, primary cpu clock
[    0.000000] kvm-clock: Using msrs 4b564d01 and 4b564d00
[    0.000000] kvm-clock: using sched offset of 3872731498 cycles
[    0.000000] clocksource: kvm-clock: mask: 0xffffffffffffffff max_cycles: 0x1cd42e4dffb, max_idle_ns: 881590591483 ns
[    0.000000] Zone ranges:
[    0.000000]   DMA      [mem 0x0000000000001000-0x0000000000ffffff]
[    0.000000]   DMA32    [mem 0x0000000001000000-0x000000003ffeffff]
[    0.000000]   Normal   empty
[    0.000000]   Device   empty
[    0.000000] Movable zone start for each node
[    0.000000] Early memory node ranges
[    0.000000]   node   0: [mem 0x0000000000001000-0x000000000009efff]
[    0.000000]   node   0: [mem 0x0000000000100000-0x000000003ffeffff]
[    0.000000] Reserved but unavailable: 104 pages
[    0.000000] Initmem setup node 0 [mem 0x0000000000001000-0x000000003ffeffff]
[    0.000000] ACPI: PM-Timer IO Port: 0x4008
[    0.000000] IOAPIC[0]: apic_id 2, version 32, address 0xfec00000, GSI 0-23
[    0.000000] ACPI: INT_SRC_OVR (bus 0 bus_irq 0 global_irq 2 dfl dfl)
[    0.000000] ACPI: INT_SRC_OVR (bus 0 bus_irq 9 global_irq 9 low level)
[    0.000000] Using ACPI (MADT) for SMP configuration information
[    0.000000] smpboot: Allowing 2 CPUs, 0 hotplug CPUs
[    0.000000] PM: Registered nosave memory: [mem 0x00000000-0x00000fff]
[    0.000000] PM: Registered nosave memory: [mem 0x0009f000-0x0009ffff]
[    0.000000] PM: Registered nosave memory: [mem 0x000a0000-0x000effff]
[    0.000000] PM: Registered nosave memory: [mem 0x000f0000-0x000fffff]
[    0.000000] e820: [mem 0x40000000-0xfebfffff] available for PCI devices
[    0.000000] Booting paravirtualized kernel on KVM
[    0.000000] clocksource: refined-jiffies: mask: 0xffffffff max_cycles: 0xffffffff, max_idle_ns: 7645519600211568 ns
[    0.000000] setup_percpu: NR_CPUS:8192 nr_cpumask_bits:2 nr_cpu_ids:2 nr_node_ids:1
[    0.000000] percpu: Embedded 50 pages/cpu s167936 r8192 d28672 u1048576
[    0.000000] PV qspinlock hash table entries: 256 (order: 0, 4096 bytes)
[    0.000000] Built 1 zonelists, mobility grouping on.  Total pages: 257913
[    0.000000] Policy zone: DMA32
[    0.000000] Kernel command line: BOOT_IMAGE=/boot/vmlinuz-4.15.0-200-generic root=LABEL=cloudimg-rootfs ro console=tty1 console=ttyS0
[    0.000000] Memory: 982648K/1048120K available (12300K kernel code, 2477K rwdata, 4320K rodata, 2472K init, 2720K bss, 65472K reserved, 0K cma-reserved)
[    0.000000] SLUB: HWalign=64, Order=0-3, MinObjects=0, CPUs=2, Nodes=1
[    0.000000] ftrace: allocating 39478 entries in 155 pages
[    0.004000] Hierarchical RCU implementation.
[    0.004000] 	RCU restricting CPUs from NR_CPUS=8192 to nr_cpu_ids=2.
[    0.004000] 	Tasks RCU enabled.
[    0.004000] RCU: Adjusting geometry for rcu_fanout_leaf=16, nr_cpu_ids=2
[    0.004000] NR_IRQS: 524544, nr_irqs: 440, preallocated irqs: 16
[    0.004000] random: crng init done
[    0.004000] Console: colour VGA+ 80x25
[    0.004000] console [tty1] enabled
[    0.004000] console [ttyS0] enabled
[    0.004000] ACPI: Core revision 20170831
[    0.004000] ACPI: 2 ACPI AML tables successfully acquired and loaded
[    0.004000] APIC: Switch to symmetric I/O mode setup
[    0.004000] x2apic enabled
[    0.004000] Switched APIC routing to physical x2apic.
[    0.004000] ..TIMER: vector=0x30 apic1=0 pin1=2 apic2=-1 pin2=-1
[    0.004007] tsc: Detected 2419.200 MHz processor
[    0.008016] Calibrating delay loop (skipped) preset value.. 4838.40 BogoMIPS (lpj=9676800)
[    0.010016] pid_max: default: 32768 minimum: 301
[    0.011165] Security Framework initialized
[    0.012003] Yama: becoming mindful.
[    0.012880] AppArmor: AppArmor initialized
[    0.016024] Dentry cache hash table entries: 131072 (order: 8, 1048576 bytes)
[    0.017380] Inode-cache hash table entries: 65536 (order: 7, 524288 bytes)
[    0.020025] Mount-cache hash table entries: 2048 (order: 2, 16384 bytes)
[    0.021569] Mountpoint-cache hash table entries: 2048 (order: 2, 16384 bytes)
[    0.023202] Last level iTLB entries: 4KB 0, 2MB 0, 4MB 0
[    0.024004] Last level dTLB entries: 4KB 0, 2MB 0, 4MB 0, 1GB 0
[    0.024764] Spectre V1 : Mitigation: usercopy/swapgs barriers and __user pointer sanitization
[    0.026465] Spectre V2 : Mitigation: Retpolines
[    0.028006] Spectre V2 : Spectre v2 / SpectreRSB mitigation: Filling RSB on context switch
[    0.030169] Speculative Store Bypass: Vulnerable
[    0.031150] Freeing SMP alternatives memory: 36K
[    0.144261] smpboot: CPU0: 11th Gen Intel(R) Core(TM) i5-1135G7 @ 2.40GHz (family: 0x6, model: 0x8c, stepping: 0x1)
[    0.148301] Performance Events: unsupported p6 CPU model 140 no PMU driver, software events only.
[    0.151774] Hierarchical SRCU implementation.
[    0.153202] NMI watchdog: Perf event create on CPU 0 failed with -2
[    0.156006] NMI watchdog: Perf NMI watchdog permanently disabled
[    0.158782] smp: Bringing up secondary CPUs ...
[    0.160283] x86: Booting SMP configuration:
[    0.164010] .... node  #0, CPUs:      #1
[    0.004000] kvm-clock: cpu 1, msr 0:3ff44041, secondary cpu clock
[    0.172092] smp: Brought up 1 node, 2 CPUs
[    0.173717] smpboot: Max logical packages: 1
[    0.175393] smpboot: Total of 2 processors activated (9676.80 BogoMIPS)
[    0.180045] devtmpfs: initialized
[    0.181741] x86/mm: Memory block size: 128MB
[    0.183517] evm: security.selinux
[    0.184006] evm: security.SMACK64
[    0.185078] evm: security.SMACK64EXEC
[    0.186340] evm: security.SMACK64TRANSMUTE
[    0.187599] evm: security.SMACK64MMAP
[    0.188004] evm: security.apparmor
[    0.189166] evm: security.ima
[    0.190206] evm: security.capability
[    0.192135] clocksource: jiffies: mask: 0xffffffff max_cycles: 0xffffffff, max_idle_ns: 7645041785100000 ns
[    0.194952] futex hash table entries: 512 (order: 3, 32768 bytes)
[    0.196141] pinctrl core: initialized pinctrl subsystem
[    0.204237] RTC time:  0:23:19, date: 12/17/22
[    0.208289] NET: Registered protocol family 16
[    0.209608] audit: initializing netlink subsys (disabled)
[    0.212010] audit: type=2000 audit(1671236604.992:1): state=initialized audit_enabled=0 res=1
[    0.212211] cpuidle: using governor ladder
[    0.213128] cpuidle: using governor menu
[    0.216070] ACPI: bus type PCI registered
[    0.217209] acpiphp: ACPI Hot Plug PCI Controller Driver version: 0.5
[    0.220028] PCI: Using configuration type 1 for base access
[    0.224070] HugeTLB registered 2.00 MiB page size, pre-allocated 0 pages
[    0.226040] ACPI: Added _OSI(Module Device)
[    0.226040] ACPI: Added _OSI(Processor Device)
[    0.228010] ACPI: Added _OSI(3.0 _SCP Extensions)
[    0.229319] ACPI: Added _OSI(Processor Aggregator Device)
[    0.232020] ACPI: Added _OSI(Linux-Dell-Video)
[    0.233377] ACPI: Added _OSI(Linux-Lenovo-NV-HDMI-Audio)
[    0.234848] ACPI: Added _OSI(Linux-HPI-Hybrid-Graphics)
[    0.236545] ACPI: Executed 1 blocks of module-level executable AML code
[    0.244650] ACPI: Interpreter enabled
[    0.245732] ACPI: (supports S0 S5)
[    0.246624] ACPI: Using IOAPIC for interrupt routing
[    0.248000] PCI: Using host bridge windows from ACPI; if necessary, use "pci=nocrs" and report a bug
[    0.248325] ACPI: Enabled 2 GPEs in block 00 to 07
[    0.262834] ACPI: PCI Root Bridge [PCI0] (domain 0000 [bus 00-ff])
[    0.264018] acpi PNP0A03:00: _OSC: OS supports [ASPM ClockPM Segments MSI]
[    0.268088] acpi PNP0A03:00: _OSC: not requesting OS control; OS requires [ExtendedConfig ASPM ClockPM MSI]
[    0.271560] acpi PNP0A03:00: fail to add MMCONFIG information, can't access extended PCI configuration space under this bridge.
[    0.272736] PCI host bridge to bus 0000:00
[    0.274053] pci_bus 0000:00: root bus resource [io  0x0000-0x0cf7 window]
[    0.276008] pci_bus 0000:00: root bus resource [io  0x0d00-0xffff window]
[    0.278026] pci_bus 0000:00: root bus resource [mem 0x000a0000-0x000bffff window]
[    0.280010] pci_bus 0000:00: root bus resource [mem 0x40000000-0xfdffffff window]
[    0.282025] pci_bus 0000:00: root bus resource [bus 00-ff]
[    0.287033] pci 0000:00:01.1: legacy IDE quirk: reg 0x10: [io  0x01f0-0x01f7]
[    0.288011] pci 0000:00:01.1: legacy IDE quirk: reg 0x14: [io  0x03f6]
[    0.292006] pci 0000:00:01.1: legacy IDE quirk: reg 0x18: [io  0x0170-0x0177]
[    0.294183] pci 0000:00:01.1: legacy IDE quirk: reg 0x1c: [io  0x0376]
[    0.319149] pci 0000:00:07.0: quirk: [io  0x4000-0x403f] claimed by PIIX4 ACPI
[    0.320025] pci 0000:00:07.0: quirk: [io  0x4100-0x410f] claimed by PIIX4 SMB
[    0.333518] ACPI: PCI Interrupt Link [LNKA] (IRQs 5 9 10 *11)
[    0.336212] ACPI: PCI Interrupt Link [LNKB] (IRQs 5 9 *10 11)
[    0.337663] ACPI: PCI Interrupt Link [LNKC] (IRQs 5 *9 10 11)
[    0.339195] ACPI: PCI Interrupt Link [LNKD] (IRQs 5 9 10 *11)
[    0.340736] SCSI subsystem initialized
[    0.342373] pci 0000:00:02.0: vgaarb: setting as boot VGA device
[    0.342373] pci 0000:00:02.0: vgaarb: VGA device added: decodes=io+mem,owns=io+mem,locks=none
[    0.344009] pci 0000:00:02.0: vgaarb: bridge control possible
[    0.348004] vgaarb: loaded
[    0.348878] ACPI: bus type USB registered
[    0.350025] usbcore: registered new interface driver usbfs
[    0.352018] usbcore: registered new interface driver hub
[    0.353432] usbcore: registered new device driver usb
[    0.356029] EDAC MC: Ver: 3.0.0
[    0.357245] PCI: Using ACPI for IRQ routing
[    0.357750] NetLabel: Initializing
[    0.358710] NetLabel:  domain hash size = 128
[    0.360004] NetLabel:  protocols = UNLABELED CIPSOv4 CALIPSO
[    0.361528] NetLabel:  unlabeled traffic allowed by default
[    0.364155] clocksource: Switched to clocksource kvm-clock
[    0.404266] VFS: Disk quotas dquot_6.6.0
[    0.405799] VFS: Dquot-cache hash table entries: 512 (order 0, 4096 bytes)
[    0.408430] AppArmor: AppArmor Filesystem Enabled
[    0.410151] pnp: PnP ACPI init
[    0.413658] pnp: PnP ACPI: found 3 devices
[    0.430544] clocksource: acpi_pm: mask: 0xffffff max_cycles: 0xffffff, max_idle_ns: 2085701024 ns
[    0.434796] NET: Registered protocol family 2
[    0.437055] IP idents hash table entries: 16384 (order: 5, 131072 bytes)
[    0.448244] TCP established hash table entries: 8192 (order: 4, 65536 bytes)
[    0.451017] TCP bind hash table entries: 8192 (order: 5, 131072 bytes)
[    0.453558] TCP: Hash tables configured (established 8192 bind 8192)
[    0.456138] UDP hash table entries: 512 (order: 2, 16384 bytes)
[    0.458000] UDP-Lite hash table entries: 512 (order: 2, 16384 bytes)
[    0.460018] NET: Registered protocol family 1
[    0.461435] pci 0000:00:00.0: Limiting direct PCI/PCI transfers
[    0.463216] pci 0000:00:01.0: Activating ISA DMA hang workarounds
[    0.465277] pci 0000:00:02.0: Video device with shadowed ROM at [mem 0x000c0000-0x000dffff]
[    0.467948] Unpacking initramfs...
[    1.071293] Freeing initrd memory: 19532K
[    1.073268] clocksource: tsc: mask: 0xffffffffffffffff max_cycles: 0x22df1149949, max_idle_ns: 440795312789 ns
[    1.082349] platform rtc_cmos: registered platform RTC device (no PNP device found)
[    1.083940] Scanning for low memory corruption every 60 seconds
[    1.086215] Initialise system trusted keyrings
[    1.086973] Key type blacklist registered
[    1.087754] workingset: timestamp_bits=36 max_order=18 bucket_order=0
[    1.090241] zbud: loaded
[    1.091089] squashfs: version 4.0 (2009/01/31) Phillip Lougher
[    1.093007] fuse init (API version 7.26)
[    1.095234] Key type asymmetric registered
[    1.095977] Asymmetric key parser 'x509' registered
[    1.096831] Block layer SCSI generic (bsg) driver version 0.4 loaded (major 246)
[    1.098655] io scheduler noop registered
[    1.099334] io scheduler deadline registered
[    1.100153] io scheduler cfq registered (default)
[    1.101409] ACPI: AC Adapter [AC] (off-line)
[    1.102169] input: Power Button as /devices/LNXSYSTM:00/LNXPWRBN:00/input/input0
[    1.103821] ACPI: Power Button [PWRF]
[    1.104536] input: Sleep Button as /devices/LNXSYSTM:00/LNXSLPBN:00/input/input1
[    1.105633] ACPI: Sleep Button [SLPF]
[    1.107256] ACPI: Battery Slot [BAT0] (battery present)
[    1.108203] Serial: 8250/16550 driver, 32 ports, IRQ sharing enabled
[    1.130602] 00:02: ttyS0 at I/O 0x3f8 (irq = 4, base_baud = 115200) is a 16550A
[    1.132636] Linux agpgart interface v0.103
[    1.139987] loop: module loaded
[    1.141193] scsi host0: ata_piix
[    1.141831] scsi host1: ata_piix
[    1.142286] ata1: PATA max UDMA/33 cmd 0x1f0 ctl 0x3f6 bmdma 0xd000 irq 14
[    1.143080] ata2: PATA max UDMA/33 cmd 0x170 ctl 0x376 bmdma 0xd008 irq 15
[    1.143908] tun: Universal TUN/TAP device driver, 1.6
[    1.144675] PPP generic driver version 2.4.2
[    1.145430] ehci_hcd: USB 2.0 'Enhanced' Host Controller (EHCI) Driver
[    1.146199] ehci-pci: EHCI PCI platform driver
[    1.146693] ehci-platform: EHCI generic platform driver
[    1.147308] ohci_hcd: USB 1.1 'Open' Host Controller (OHCI) Driver
[    1.147985] ohci-pci: OHCI PCI platform driver
[    1.148693] ohci-platform: OHCI generic platform driver
[    1.149875] uhci_hcd: USB Universal Host Controller Interface driver
[    1.151428] i8042: PNP: PS/2 Controller [PNP0303:PS2K,PNP0f03:PS2M] at 0x60,0x64 irq 1,12
[    1.154060] serio: i8042 KBD port at 0x60,0x64 irq 1
[    1.155330] serio: i8042 AUX port at 0x60,0x64 irq 12
[    1.156378] mousedev: PS/2 mouse device common for all mice
[    1.157846] input: AT Translated Set 2 keyboard as /devices/platform/i8042/serio0/input/input2
[    1.159325] rtc_cmos rtc_cmos: rtc core: registered rtc_cmos as rtc0
[    1.160240] rtc_cmos rtc_cmos: alarms up to one day, 114 bytes nvram
[    1.161000] i2c /dev entries driver
[    1.161544] device-mapper: uevent: version 1.0.3
[    1.162719] device-mapper: ioctl: 4.37.0-ioctl (2017-09-20) initialised: dm-devel@redhat.com
[    1.164367] ledtrig-cpu: registered to indicate activity on CPUs
[    1.165436] NET: Registered protocol family 10
[    1.172299] Segment Routing with IPv6
[    1.172950] NET: Registered protocol family 17
[    1.173588] Key type dns_resolver registered
[    1.174607] mce: Using 0 MCE banks
[    1.177370] RAS: Correctable Errors collector initialized.
[    1.179176] sched_clock: Marking stable (1177324069, 0)->(1430167469, -252843400)
[    1.181434] registered taskstats version 1
[    1.182266] Loading compiled-in X.509 certificates
[    1.188569] Loaded X.509 cert 'Build time autogenerated kernel key: 29e5beaa583364da097e68c9386761f80dbce7ef'
[    1.190591] Loaded X.509 cert 'Canonical Ltd. Live Patch Signing: 14df34d1a87cf37625abec039ef2bf521249b969'
[    1.193503] Loaded X.509 cert 'Canonical Ltd. Kernel Module Signing: 88f752e560a1e0737e31163a466ad7b70a850c19'
[    1.195834] blacklist: Loading compiled-in revocation X.509 certificates
[    1.196598] Loaded X.509 cert 'Canonical Ltd. Secure Boot Signing: 61482aa2830d0ab2ad5af10b7250da9033ddcef0'
[    1.198288] zswap: loaded using pool lzo/zbud
[    1.203948] Key type big_key registered
[    1.204565] Key type trusted registered
[    1.206580] Key type encrypted registered
[    1.208796] AppArmor: AppArmor sha1 policy hashing enabled
[    1.209766] ima: No TPM chip found, activating TPM-bypass! (rc=-19)
[    1.210506] ima: Allocated hash algorithm: sha1
[    1.211076] evm: HMAC attrs: 0x1
[    1.211662]   Magic number: 2:135:355
[    1.212153] input event1: hash matches
[    1.212712] rtc_cmos rtc_cmos: setting system clock to 2022-12-17 00:23:20 UTC (1671236600)
[    1.214392] BIOS EDD facility v0.16 2004-Jun-25, 0 devices found
[    1.215365] EDD information not available.
[    1.905056] Freeing unused kernel image memory: 2472K
[    1.916488] Write protecting the kernel read-only data: 20480k
[    1.920932] Freeing unused kernel image memory: 2008K
[    1.924250] Freeing unused kernel image memory: 1824K
[    1.936942] x86/mm: Checked W+X mappings: passed, no W+X pages found.
Loading, please wait...
starting version 237
[    2.053112] Fusion MPT base driver 3.04.20
[    2.056359] Copyright (c) 1999-2008 LSI Corporation
[    2.067700] e1000: Intel(R) PRO/1000 Network Driver - version 7.3.21-k8-NAPI
[    2.068960] e1000: Copyright (c) 1999-2006 Intel Corporation.
[    2.087619] Fusion MPT SPI Host driver 3.04.20
[    2.089139] AVX2 version of gcm_enc/dec engaged.
[    2.090794] AES CTR mode by8 optimization enabled
[    2.276845] input: ImExPS/2 Generic Explorer Mouse as /devices/platform/i8042/serio1/input/input4
[    2.538319] e1000 0000:00:03.0 eth0: (PCI:33MHz:32-bit) 02:40:49:ac:f0:20
[    2.541592] e1000 0000:00:03.0 eth0: Intel(R) PRO/1000 Network Connection
[    2.546684] mptbase: ioc0: Initiating bringup
[    2.548947] e1000 0000:00:03.0 enp0s3: renamed from eth0
[    2.665332] ioc0: LSI53C1030 A0: Capabilities={Initiator}
[    2.909613] scsi host2: ioc0: LSI53C1030 A0, FwRev=00000000h, Ports=1, MaxQ=256, IRQ=20
[    3.081264] scsi 2:0:0:0: Direct-Access     VBOX     HARDDISK         1.0  PQ: 0 ANSI: 5
[    3.116262] scsi target2:0:0: Beginning Domain Validation
[    3.122598] scsi target2:0:0: Domain Validation skipping write tests
[    3.125021] scsi target2:0:0: Ending Domain Validation
[    3.127162] scsi target2:0:0: asynchronous
[    3.129874] scsi 2:0:1:0: Direct-Access     VBOX     HARDDISK         1.0  PQ: 0 ANSI: 5
[    3.165034] scsi target2:0:1: Beginning Domain Validation
[    3.172598] scsi target2:0:1: Domain Validation skipping write tests
[    3.174720] scsi target2:0:1: Ending Domain Validation
[    3.176704] scsi target2:0:1: asynchronous
[    3.188568] sd 2:0:0:0: Attached scsi generic sg0 type 0
[    3.188803] sd 2:0:0:0: [sda] 83886080 512-byte logical blocks: (42.9 GB/40.0 GiB)
[    3.193259] sd 2:0:1:0: Attached scsi generic sg1 type 0
[    3.193655] sd 2:0:1:0: [sdb] 20480 512-byte logical blocks: (10.5 MB/10.0 MiB)
[    3.197578] sd 2:0:0:0: [sda] Write Protect is off
[    3.197644] sd 2:0:1:0: [sdb] Write Protect is off
[    3.202388] sd 2:0:1:0: [sdb] Incomplete mode parameter data
[    3.204158] sd 2:0:1:0: [sdb] Assuming drive cache: write through
[    3.204319] sd 2:0:0:0: [sda] Incomplete mode parameter data
[    3.207982] sd 2:0:0:0: [sda] Assuming drive cache: write through
[    3.211341] sd 2:0:1:0: [sdb] Attached SCSI disk
[    3.215274]  sda: sda1
[    3.218043] sd 2:0:0:0: [sda] Attached SCSI disk
Begin: Loading essential drivers ... [    4.900088] raid6: sse2x1   gen()  9308 MB/s
[    4.948063] raid6: sse2x1   xor()  3552 MB/s
[    4.996070] raid6: sse2x2   gen()  4827 MB/s
[    5.044073] raid6: sse2x2   xor()  6770 MB/s
[    5.092092] raid6: sse2x4   gen()  6972 MB/s
[    5.140093] raid6: sse2x4   xor()  3842 MB/s
[    5.188051] raid6: avx2x1   gen() 10915 MB/s
[    5.236142] raid6: avx2x1   xor()  8525 MB/s
[    5.284167] raid6: avx2x2   gen() 23614 MB/s
[    5.332061] raid6: avx2x2   xor() 11251 MB/s
[    5.380038] raid6: avx2x4   gen() 15540 MB/s
[    5.428047] raid6: avx2x4   xor() 14776 MB/s
[    5.428978] raid6: using algorithm avx2x2 gen() 23614 MB/s
[    5.429701] raid6: .... xor() 11251 MB/s, rmw enabled
[    5.430484] raid6: using avx2x2 recovery algorithm
[    5.432378] xor: automatically using best checksumming function   avx       
[    5.435765] async_tx: api initialized (async)
done.
Begin: Running /scripts/init-premount ... done.
Begin: Mounting root file system ... Begin: Running /scripts/local-top ... done.
Begin: Running /scripts/local-premount ... [    5.492188] Btrfs loaded, crc32c=crc32c-intel
Scanning for Btrfs filesystems
done.
Warning: fsck not present, so skipping root file system
[    5.519408] EXT4-fs (sda1): INFO: recovery required on readonly filesystem
[    5.520404] EXT4-fs (sda1): write access will be enabled during recovery
[    5.625491] EXT4-fs (sda1): orphan cleanup on readonly fs
[    5.628414] EXT4-fs (sda1): 2 orphan inodes deleted
[    5.629197] EXT4-fs (sda1): recovery complete
[    5.637844] EXT4-fs (sda1): mounted filesystem with ordered data mode. Opts: (null)
done.
Begin: Running /scripts/local-bottom ... done.
Begin: Running /scripts/init-bottom ... done.
[    5.844261] ip_tables: (C) 2000-2006 Netfilter Core Team
[    5.854113] systemd[1]: systemd 237 running in system mode. (+PAM +AUDIT +SELINUX +IMA +APPARMOR +SMACK +SYSVINIT +UTMP +LIBCRYPTSETUP +GCRYPT +GNUTLS +ACL +XZ +LZ4 +SECCOMP +BLKID +ELFUTILS +KMOD -IDN2 +IDN -PCRE2 default-hierarchy=hybrid)
[    5.857077] systemd[1]: Detected virtualization oracle.
[    5.857933] systemd[1]: Detected architecture x86-64.

Welcome to [1mUbuntu 18.04.6 LTS[0m!

[    5.865081] systemd[1]: Set hostname to <ubuntu-bionic>.
[    6.141966] systemd[1]: Set up automount Arbitrary Executable File Formats File System Automount Point.
[[0;32m  OK  [0m] Set up automount Arbitrary Executab…rmats File System Automount Point.
[    6.146996] systemd[1]: Created slice User and Session Slice.
[[0;32m  OK  [0m] Created slice User and Session Slice.
[    6.150943] systemd[1]: Started Forward Password Requests to Wall Directory Watch.
[[0;32m  OK  [0m] Started Forward Password Requests to Wall Directory Watch.
[    6.155028] systemd[1]: Created slice System Slice.
[[0;32m  OK  [0m] Created slice System Slice.
[    6.156796] systemd[1]: Listening on Network Service Netlink Socket.
[[0;32m  OK  [0m] Listening on Network Service Netlink Socket.
[    6.159108] systemd[1]: Listening on Journal Socket.
[[0;32m  OK  [0m] Listening on Journal Socket.
         Starting Set the console keyboard layout...
[[0;32m  OK  [0m] Listening on fsck to fsckd communication Socket.
[[0;32m  OK  [0m] Listening on LVM2 poll daemon socket.
[[0;32m  OK  [0m] Created slice system-serial\x2dgetty.slice.
[[0;32m  OK  [0m] Reached target Slices.
[[0;32m  OK  [0m] Listening on udev Control Socket.
         Starting File System Check on Root Device...
         Starting Load Kernel Modules...
[[0;32m  OK  [0m] Listening on LVM2 metadata daemon socket.
         Starting Uncomplicated firewall...
[[0;32m  OK  [0m] Listening on Journal Socket (/dev/log).
[    6.234977] Loading iSCSI transport class v2.0-870.
[[0;32m  OK  [0m] Listening on Journal Audit Socket.
[[0;32m  OK  [0m] Reached target Swap.
         Starting Create list of required st…ce nodes for the current kernel...
[[0;32m  OK  [0m] Listening on Device-mapper event daemon FIFOs.
[    6.254512] iscsi: registered transport (tcp)
         Starting Monitoring of LVM2 mirrors…ng dmeventd or progress polling...
         Mounting Kernel Debug File System...
[[0;32m  OK  [0m] Listening on /dev/initctl Compatibility Named Pipe.
[[0;32m  OK  [0m] Listening on Syslog Socket.
         Starting Journal Service...
         Mounting POSIX Message Queue File System...
         Mounting Huge Pages File System...
[[0;32m  OK  [0m] Reached target System Time Synchronized.
[[0;32m  OK  [0m] Listening on udev Kernel Socket.
         Starting udev Coldplug all Devices...
[[0;32m  OK  [0m] Reached target User and Group Name Lookups.
[[0;32m  OK  [0m] Started Set the console keyboard layout.
[    6.408799] iscsi: registered transport (iser)
[[0;32m  OK  [0m] Started File System Check on Root Device.
[[0;32m  OK  [0m] Started Load Kernel Modules.
[[0;32m  OK  [0m] Started Uncomplicated firewall.
[[0;32m  OK  [0m] Started Create list of required sta…vice nodes for the current kernel.
[[0;32m  OK  [0m] Mounted Kernel Debug File System.
[[0;32m  OK  [0m] Mounted POSIX Message Queue File System.
[[0;32m  OK  [0m] Mounted Huge Pages File System.
[[0;32m  OK  [0m] Started File System Check Daemon to report status.
[[0;32m  OK  [0m] Started LVM2 metadata daemon.
         Starting Create Static Device Nodes in /dev...
         Starting Apply Kernel Variables...
         Mounting FUSE Control File System...
         Mounting Kernel Configuration File System...
         Starting Remount Root and Kernel File Systems...
[[0;32m  OK  [0m] Started Journal Service.
[[0;32m  OK  [0m] Mounted FUSE Control File System.
[[0;32m  OK  [0m] Mounted Kernel Configuration File System.
[[0;32m  OK  [0m] Started udev Coldplug all Devices.
[[0;32m  OK  [0m] Started Create Static Device Nodes in /dev.
[[0;32m  OK  [0m] Started Remount Root and Kernel File Systems.
         Starting Flush Journal to Persistent Storage...
         Starting Load/Save Random Seed...
         Starting udev Kernel Device Manager...
[[0;32m  OK  [0m] Started Apply Kernel Variables.
[[0;32m  OK  [0m] Started Monitoring of LVM2 mirrors,…sing dmeventd or progress polling.
[[0;32m  OK  [0m] Reached target Local File Systems (Pre).
[[0;32m  OK  [0m] Reached target Local File Systems.
         Starting Tell Plymouth To Write Out Runtime Data...
         Starting AppArmor initialization...
         Starting ebtables ruleset management...
         Starting Set console font and keymap...
[[0;32m  OK  [0m] Started Load/Save Random Seed.
[[0;32m  OK  [0m] Started Tell Plymouth To Write Out Runtime Data.
[[0;32m  OK  [0m] Started Set console font and keymap.
[[0;32m  OK  [0m] Started udev Kernel Device Manager.
[[0;32m  OK  [0m] Started Dispatch Password Requests to Console Directory Watch.
[[0;32m  OK  [0m] Reached target Local Encrypted Volumes.
[[0;32m  OK  [0m] Started ebtables ruleset management.
[[0;32m  OK  [0m] Started Flush Journal to Persistent Storage.
         Starting Create Volatile Files and Directories...
[[0;32m  OK  [0m] Started Create Volatile Files and Directories.
         Starting Update UTMP about System Boot/Shutdown...
[[0;32m  OK  [0m] Started Update UTMP about System Boot/Shutdown.
[[0;32m  OK  [0m] Started AppArmor initialization.
         Starting Load AppArmor profiles managed internally by snapd...
         Starting Initial cloud-init job (pre-networking)...
[[0;32m  OK  [0m] Found device /dev/ttyS0.
         Mounting Arbitrary Executable File Formats File System...
[[0;32m  OK  [0m] Mounted Arbitrary Executable File Formats File System.
[[0;32m  OK  [0m] Started Load AppArmor profiles managed internally by snapd.
[[0;32m  OK  [0m] Listening on Load/Save RF Kill Switch Status /dev/rfkill Watch.
[    8.951362] cloud-init[520]: Cloud-init v. 22.4.2-0ubuntu0~18.04.1 running 'init-local' at Sat, 17 Dec 2022 00:23:27 +0000. Up 8.64 seconds.
[[0;32m  OK  [0m] Started Initial cloud-init job (pre-networking).
[[0;32m  OK  [0m] Reached target Network (Pre).
         Starting Network Service...
[[0;32m  OK  [0m] Started Network Service.
         Starting Network Name Resolution...
         Starting Wait for Network to be Configured...
[[0;32m  OK  [0m] Started Network Name Resolution.
[[0;32m  OK  [0m] Reached target Host and Network Name Lookups.
[[0;32m  OK  [0m] Reached target Network.
[[0;32m  OK  [0m] Started Wait for Network to be Configured.
         Starting Initial cloud-init job (metadata service crawler)...
[   11.146385] cloud-init[663]: Cloud-init v. 22.4.2-0ubuntu0~18.04.1 running 'init' at Sat, 17 Dec 2022 00:23:30 +0000. Up 10.95 seconds.
[   11.147713] cloud-init[663]: ci-info: ++++++++++++++++++++++++++++++++++++++Net device info++++++++++++++++++++++++++++++++++++++
[   11.148694] cloud-init[663]: ci-info: +--------+------+----------------------------+---------------+--------+-------------------+
[   11.149763] cloud-init[663]: ci-info: | Device |  Up  |          Address           |      Mask     | Scope  |     Hw-Address    |
[   11.160300] cloud-init[663]: ci-info: +--------+------+----------------------------+---------------+--------+-------------------+
[   11.172321] cloud-init[663]: ci-info: | enp0s3 | True |         10.0.2.15          | 255.255.255.0 | global | 02:40:49:ac:f0:20 |
[   11.184324] cloud-init[663]: ci-info: | enp0s3 | True | fe80::40:49ff:feac:f020/64 |       .       |  link  | 02:40:49:ac:f0:20 |
[   11.185806] cloud-init[663]: ci-info: |   lo   | True |         127.0.0.1          |   255.0.0.0   |  host  |         .         |
[   11.200342] cloud-init[663]: ci-info: |   lo   | True |          ::1/128           |       .       |  host  |         .         |
[   11.212511] cloud-init[663]: ci-info: +--------+------+----------------------------+---------------+--------+-------------------+
[   11.224311] cloud-init[663]: ci-info: ++++++++++++++++++++++++++++Route IPv4 info+++++++++++++++++++++++++++++
[   11.225908] cloud-init[663]: ci-info: +-------+-------------+----------+-----------------+-----------+-------+
[   11.227515] cloud-init[663]: ci-info: | Route | Destination | Gateway  |     Genmask     | Interface | Flags |
[   11.228523] cloud-init[663]: ci-info: +-------+-------------+----------+-----------------+-----------+-------+
[   11.241373] cloud-init[663]: ci-info: |   0   |   0.0.0.0   | 10.0.2.2 |     0.0.0.0     |   enp0s3  |   UG  |
[   11.243048] cloud-init[663]: ci-info: |   1   |   10.0.2.0  | 0.0.0.0  |  255.255.255.0  |   enp0s3  |   U   |
[   11.244125] cloud-init[663]: ci-info: |   2   |   10.0.2.2  | 0.0.0.0  | 255.255.255.255 |   enp0s3  |   UH  |
[   11.245383] cloud-init[663]: ci-info: +-------+-------------+----------+-----------------+-----------+-------+
[   11.246932] cloud-init[663]: ci-info: +++++++++++++++++++Route IPv6 info+++++++++++++++++++
[   11.247820] cloud-init[663]: ci-info: +-------+-------------+---------+-----------+-------+
[   11.248629] cloud-init[663]: ci-info: | Route | Destination | Gateway | Interface | Flags |
[   11.249466] cloud-init[663]: ci-info: +-------+-------------+---------+-----------+-------+
[   11.250331] cloud-init[663]: ci-info: |   1   |  fe80::/64  |    ::   |   enp0s3  |   U   |
[   11.260747] cloud-init[663]: ci-info: |   3   |    local    |    ::   |   enp0s3  |   U   |
[   11.261559] cloud-init[663]: ci-info: |   4   |   ff00::/8  |    ::   |   enp0s3  |   U   |
[   11.273251] cloud-init[663]: ci-info: +-------+-------------+---------+-----------+-------+
[[0;32m  OK  [0m] Started Initial cloud-init job (metadata service crawler).
[[0;32m  OK  [0m] Reached target Network is Online.
[[0;32m  OK  [0m] Reached target Remote File Systems (Pre).
         Mounting /vagrant...
         Starting Availability of block devices...
[[0;32m  OK  [0m] Reached target System Initialization.
         Starting LXD - unix socket.
[[0;32m  OK  [0m] Listening on Open-iSCSI iscsid Socket.
[[0;32m  OK  [0m] Started Ubuntu Advantage Timer for running repeated jobs.
[[0;32m  OK  [0m] Listening on cloud-init hotplug hook socket.
[[0;32m  OK  [0m] Started Daily apt upgrade and clean activities.
         Starting Socket activation for snappy daemon.
[[0;32m  OK  [0m] Started ACPI Events Check.
[[0;32m  OK  [0m] Reached target Paths.
[[0;32m  OK  [0m] Listening on D-Bus System Message Bus Socket.
[[0;32m  OK  [0m] Started Message of the Day.
[[0;32m  OK  [0m] Started Discard unused blocks once a week.
[[0;32m  OK  [0m] Started Daily Cleanup of Temporary Directories.
[[0;32m  OK  [0m] Listening on UUID daemon activation socket.
[[0;32m  OK  [0m] Listening on ACPID Listen Socket.
[[0;32m  OK  [0m] Reached target Timers.
[[0;32m  OK  [0m] Reached target Cloud-config availability.
[[0;32m  OK  [0m] Started Availability of block devices.
[[0;32m  OK  [0m] Listening on LXD - unix socket.
[[0;32m  OK  [0m] Mounted /vagrant.
[[0;32m  OK  [0m] Listening on Socket activation for snappy daemon.
[[0;32m  OK  [0m] Reached target Remote File Systems.
[[0;32m  OK  [0m] Reached target Sockets.
[[0;32m  OK  [0m] Reached target Basic System.
         Starting LSB: Record successful boot for GRUB...
         Starting Login Service...
[[0;32m  OK  [0m] Started Regular background program processing daemon.
[[0;32m  OK  [0m] Started FUSE filesystem for LXC.
         Starting Dispatcher daemon for systemd-networkd...
[[0;32m  OK  [0m] Reached target Login Prompts (Pre).
         Starting LXD - container startup/shutdown...
         Starting Message of the Day...
         Starting Snap Daemon...
         Starting LSB: automatic crash report generation...
         Starting OpenBSD Secure Shell server...
[[0;32m  OK  [0m] Started irqbalance daemon.
         Starting System Logging Service...
[[0;32m  OK  [0m] Started Deferred execution scheduler.
         Starting Permit User Sessions...
[[0;32m  OK  [0m] Started D-Bus System Message Bus.
[[0;32m  OK  [0m] Started Login Service.
[[0;32m  OK  [0m] Started Unattended Upgrades Shutdown.
         Starting Accounts Service...
         Starting Virtualbox guest utils...
[[0;32m  OK  [0m] Started System Logging Service.
[[0;32m  OK  [0m] Started Permit User Sessions.
         Starting Hold until boot process finishes up...
         Starting Terminate Plymouth Boot Screen...
[[0;32m  OK  [0m] Started Hold until boot process finishes up.
         Starting Set console scheme...
[[0;32m  OK  [0m] Started Serial Getty on ttyS0.
[[0;32m  OK  [0m] Started Terminate Plymouth Boot Screen.
[[0;32m  OK  [0m] Started OpenBSD Secure Shell server.
[[0;32m  OK  [0m] Started Set console scheme.
[[0;32m  OK  [0m] Created slice system-getty.slice.
[[0;32m  OK  [0m] Started Getty on tty1.
[[0;32m  OK  [0m] Reached target Login Prompts.
[[0;32m  OK  [0m] Started LSB: automatic crash report generation.
[[0;32m  OK  [0m] Started LSB: Record successful boot for GRUB.
[[0;32m  OK  [0m] Started LXD - container startup/shutdown.
         Starting Authorization Manager...
[[0;32m  OK  [0m] Started Virtualbox guest utils.
[[0;32m  OK  [0m] Started Authorization Manager.
[[0;32m  OK  [0m] Started Accounts Service.
[[0;32m  OK  [0m] Created slice User Slice of vagrant.
         Starting User Manager for UID 1000...
[[0;32m  OK  [0m] Started Session 1 of user vagrant.
[[0;32m  OK  [0m] Started Dispatcher daemon for systemd-networkd.
[[0;32m  OK  [0m] Started User Manager for UID 1000.
[[0;32m  OK  [0m] Started Snap Daemon.
         Starting Wait until snapd is fully seeded...
         Starting Time & Date Service...
[[0;32m  OK  [0m] Started Time & Date Service.
[[0;32m  OK  [0m] Started Wait until snapd is fully seeded.
         Starting Apply the settings specified in cloud-config...
[   14.516288] cloud-init[1116]: Cloud-init v. 22.4.2-0ubuntu0~18.04.1 running 'modules:config' at Sat, 17 Dec 2022 00:23:33 +0000. Up 14.27 seconds.
[[0;32m  OK  [0m] Started Apply the settings specified in cloud-config.
[[0;32m  OK  [0m] Reached target Multi-User System.
         Starting Execute cloud user/final scripts...
[[0;32m  OK  [0m] Reached target Graphical Interface.
         Starting Update UTMP about System Runlevel Changes...
[[0;32m  OK  [0m] Started Update UTMP about System Runlevel Changes.
[[0;32m  OK  [0m] Started Message of the Day.
[   16.140841] cloud-init[1188]: Cloud-init v. 22.4.2-0ubuntu0~18.04.1 running 'modules:final' at Sat, 17 Dec 2022 00:23:34 +0000. Up 15.68 seconds.
[   16.143185] cloud-init[1188]: Cloud-init v. 22.4.2-0ubuntu0~18.04.1 finished at Sat, 17 Dec 2022 00:23:35 +0000. Datasource DataSourceNoCloud [seed=/dev/sdb][dsmode=net].  Up 16.09 seconds
[[0;32m  OK  [0m] Started Execute cloud user/final scripts.
[[0;32m  OK  [0m] Reached target Cloud-init target.

Ubuntu 18.04.6 LTS ubuntu-bionic ttyS0

ubuntu-bionic login: 